Configuring input.dat for benchmark (800x800)...
------------------------------------------
Benchmarking Error Check Frequency: 1
  -> Result: 3003
3003
3003
3003 iters in 7.745302 s
------------------------------------------
Benchmarking Error Check Frequency: 10
  -> Result: 3010
3010
3010
3010 iters in 7.687888 s
------------------------------------------
Benchmarking Error Check Frequency: 100
  -> Result: 3100
3100
3100
3100 iters in 7.796582 s
------------------------------------------
Done. Results saved to data_ex_1_2_7/freq_results.csv
