==================================================
Exercise 4.2 FEM timing breakdown (P=4, grid=2x2)
Output TXT: data_ex_4_2/ex4_2_timebreakdown.txt
Output CSV: data_ex_4_2/ex4_2_timebreakdown.csv
==================================================

Compiling...
make: Nothing to be done for 'all'.

----------------------------------------
Case: 2x2, grid 100x100
Case directory: data_ex_4_2/case_2x2_N100
----------------------------------------
Generating GridDist...
Writing file 0 1 2 3 map

Running MPI_Fempois...
(0) Time Breakdown: Calc: 0.0174s | Exchange: 0.0007s | Global: 0.0005s | Idle: 0.0013s
Number of iterations : 141
(0) Elapsed Wtime:       0.029098 s ( 90.9% CPU)
(1) Time Breakdown: Calc: 0.0167s | Exchange: 0.0013s | Global: 0.0004s | Idle: 0.0013s
(1) Elapsed Wtime:       0.029433 s ( 93.7% CPU)
(2) Time Breakdown: Calc: 0.0167s | Exchange: 0.0017s | Global: 0.0004s | Idle: 0.0009s
(2) Elapsed Wtime:       0.029042 s ( 95.0% CPU)
(3) Time Breakdown: Calc: 0.0167s | Exchange: 0.0017s | Global: 0.0004s | Idle: 0.0011s
(3) Elapsed Wtime:       0.028975 s ( 95.0% CPU)

----------------------------------------
Case: 2x2, grid 200x200
Case directory: data_ex_4_2/case_2x2_N200
----------------------------------------
Generating GridDist...
Writing file 0 1 2 3 map

Running MPI_Fempois...
(0) Time Breakdown: Calc: 0.1324s | Exchange: 0.0019s | Global: 0.0008s | Idle: 0.0041s
Number of iterations : 274
(0) Elapsed Wtime:       0.168224 s ( 98.1% CPU)
(2) Time Breakdown: Calc: 0.1324s | Exchange: 0.0042s | Global: 0.0008s | Idle: 0.0020s
(2) Elapsed Wtime:       0.168422 s ( 98.2% CPU)
(1) Time Breakdown: Calc: 0.1331s | Exchange: 0.0032s | Global: 0.0009s | Idle: 0.0028s
(1) Elapsed Wtime:       0.167679 s ( 98.9% CPU)
(3) Time Breakdown: Calc: 0.1332s | Exchange: 0.0040s | Global: 0.0007s | Idle: 0.0015s
(3) Elapsed Wtime:       0.167528 s ( 98.8% CPU)

----------------------------------------
Case: 2x2, grid 400x400
Case directory: data_ex_4_2/case_2x2_N400
----------------------------------------
Generating GridDist...
Writing file 0 1 2 3 map

Running MPI_Fempois...
(0) Time Breakdown: Calc: 1.2834s | Exchange: 0.0049s | Global: 0.0028s | Idle: 0.0835s
Number of iterations : 529
(0) Elapsed Wtime:       1.488864 s ( 99.2% CPU)
(3) Time Breakdown: Calc: 1.3452s | Exchange: 0.0104s | Global: 0.0021s | Idle: 0.0173s
(3) Elapsed Wtime:       1.487047 s ( 99.4% CPU)
(2) Time Breakdown: Calc: 1.3474s | Exchange: 0.0109s | Global: 0.0026s | Idle: 0.0139s
(2) Elapsed Wtime:       1.488682 s ( 99.3% CPU)
(1) Time Breakdown: Calc: 1.3462s | Exchange: 0.0078s | Global: 0.0026s | Idle: 0.0182s
(1) Elapsed Wtime:       1.487302 s ( 99.4% CPU)

==================================================
Done.
CSV written to: data_ex_4_2/ex4_2_timebreakdown.csv
==================================================
