==================================================
Exercise 4.5 FEM measurements
TXT: data_ex_4_5/ex4_5_measurements.txt
CSV: data_ex_4_5/ex4_5_measurements.csv
==================================================

Compiling...
make: Nothing to be done for 'all'.

----------------------------------------
Case: part=A_fixedP4, P=4 (2x2), grid=50x50
Dir:  data_ex_4_5/case_A_fixedP4_P4_2x2_N50
----------------------------------------
Generating GridDist...
Writing file 0 1 2 3 map

Running MPI_Fempois...
(0) Time Breakdown: Calc: 0.0022s | Exchange: 0.0003s | Global: 0.0003s | Idle: 0.0091s
Number of iterations : 74
(0) Elapsed Wtime:       0.024845 s ( 55.5% CPU)
(1) Time Breakdown: Calc: 0.0021s | Exchange: 0.0006s | Global: 0.0003s | Idle: 0.0089s
(1) Elapsed Wtime:       0.055794 s ( 42.1% CPU)
(2) Time Breakdown: Calc: 0.0021s | Exchange: 0.0008s | Global: 0.0003s | Idle: 0.0086s
(2) Elapsed Wtime:       0.024431 s ( 95.7% CPU)
(3) Time Breakdown: Calc: 0.0021s | Exchange: 0.0008s | Global: 0.0003s | Idle: 0.0003s
(3) Elapsed Wtime:       0.024442 s ( 62.3% CPU)

WARNING: Missing rank-0 breakdown line in data_ex_4_5/case_A_fixedP4_P4_2x2_N50/run.log
----------------------------------------
Case: part=A_fixedP4, P=4 (2x2), grid=100x100
Dir:  data_ex_4_5/case_A_fixedP4_P4_2x2_N100
----------------------------------------
Generating GridDist...
Writing file 0 1 2 3 map

Running MPI_Fempois...
(1) Time Breakdown: Calc: 0.0164s | Exchange: 0.0013s | Global: 0.0005s | Idle: 0.0008s
(1) Elapsed Wtime:       0.027625 s ( 94.4% CPU)
(2) Time Breakdown: Calc: 0.0163s | Exchange: 0.0017s | Global: 0.0004s | Idle: 0.0004s
(2) Elapsed Wtime:       0.027507 s ( 94.4% CPU)
(3) Time Breakdown: Calc: 0.0163s | Exchange: 0.0016s | Global: 0.0004s | Idle: 0.0006s
(3) Elapsed Wtime:       0.048288 s ( 54.6% CPU)
(0) Time Breakdown: Calc: 0.0164s | Exchange: 0.0007s | Global: 0.0005s | Idle: 0.0014s
Number of iterations : 141
(0) Elapsed Wtime:       0.027479 s ( 92.9% CPU)

WARNING: Missing rank-0 breakdown line in data_ex_4_5/case_A_fixedP4_P4_2x2_N100/run.log
----------------------------------------
Case: part=A_fixedP4, P=4 (2x2), grid=150x150
Dir:  data_ex_4_5/case_A_fixedP4_P4_2x2_N150
----------------------------------------
Generating GridDist...
Writing file 0 1 2 3 map

Running MPI_Fempois...
(1) Time Breakdown: Calc: 0.0545s | Exchange: 0.0021s | Global: 0.0006s | Idle: 0.0019s
(1) Elapsed Wtime:       0.075947 s ( 97.5% CPU)
(0) Time Breakdown: Calc: 0.0547s | Exchange: 0.0013s | Global: 0.0007s | Idle: 0.0023s
Number of iterations : 208
(0) Elapsed Wtime:       0.094143 s ( 78.1% CPU)
(3) Time Breakdown: Calc: 0.0547s | Exchange: 0.0027s | Global: 0.0005s | Idle: 0.0014s
(3) Elapsed Wtime:       0.076149 s ( 97.5% CPU)
(2) Time Breakdown: Calc: 0.0547s | Exchange: 0.0028s | Global: 0.0007s | Idle: 0.0009s
(2) Elapsed Wtime:       0.075899 s ( 97.8% CPU)

WARNING: Missing rank-0 breakdown line in data_ex_4_5/case_A_fixedP4_P4_2x2_N150/run.log
----------------------------------------
Case: part=A_fixedP4, P=4 (2x2), grid=200x200
Dir:  data_ex_4_5/case_A_fixedP4_P4_2x2_N200
----------------------------------------
Generating GridDist...
Writing file 0 1 2 3 map

Running MPI_Fempois...
(1) Time Breakdown: Calc: 0.1264s | Exchange: 0.0035s | Global: 0.0010s | Idle: 0.0028s
(1) Elapsed Wtime:       0.161886 s ( 98.6% CPU)
(0) Time Breakdown: Calc: 0.1267s | Exchange: 0.0021s | Global: 0.0011s | Idle: 0.0039s
Number of iterations : 274
(0) Elapsed Wtime:       0.162357 s ( 97.9% CPU)
(2) Time Breakdown: Calc: 0.1206s | Exchange: 0.0049s | Global: 0.0009s | Idle: 0.0073s
(2) Elapsed Wtime:       0.181330 s ( 87.8% CPU)
(3) Time Breakdown: Calc: 0.1270s | Exchange: 0.0046s | Global: 0.0008s | Idle: 0.0015s
(3) Elapsed Wtime:       0.162334 s ( 98.2% CPU)

slurmstepd: error: *** JOB 9119888 ON cmp204 CANCELLED AT 2026-02-08T14:52:09 ***
