==================================================
Exercise 4.2 FEM timing breakdown (P=4, grid=2x2)
Output TXT: data_ex_4_2/ex4_2_timebreakdown.txt
Output CSV: data_ex_4_2/ex4_2_timebreakdown.csv
==================================================

Compiling...
make: Nothing to be done for 'all'.

----------------------------------------
Case: 2x2, grid 100x100
Case directory: data_ex_4_2/case_2x2_N100
----------------------------------------
Generating GridDist...
Writing file 0 1 2 3 map

Running MPI_Fempois...
--------------------------------------------------------------------------
MPI_ABORT was invoked on rank 0 in communicator MPI_COMM_WORLD
with errorcode 1.

NOTE: invoking MPI_ABORT causes Open MPI to kill all MPI processes.
You may or may not see output from other processes, depending on
exactly when Open MPI kills them.
--------------------------------------------------------------------------
srun: Job step aborted: Waiting up to 122 seconds for job step to finish.
slurmstepd: error: *** STEP 9119809.0 ON cmp201 CANCELLED AT 2026-02-08T14:32:15 ***
(0) Setup_Grid : Can't open input.dat
srun: error: cmp201: task 0: Exited with exit code 1
srun: launch/slurm: _step_signal: Terminating StepId=9119809.0
srun: error: cmp201: tasks 1-3: Killed
