==================================================
Exercise 4.2 FEM timing breakdown (P=4, grid=2x2)
Output TXT: data_ex_4_2/ex4_2_timebreakdown.txt
Output CSV: data_ex_4_2/ex4_2_timebreakdown.csv
==================================================

Compiling...
make: Nothing to be done for 'all'.

----------------------------------------
Case: 2x2, grid 100x100
Case directory: data_ex_4_2/case_2x2_N100
----------------------------------------
Generating GridDist...
Writing file 0 1 2 3 map

Running MPI_Fempois...
(3) Time Breakdown: Calc: 0.0170s | Exchange: 0.0016s | Global: 0.0003s | Idle: 0.0005s
(3) Elapsed Wtime:       0.028149 s ( 94.8% CPU)
(1) Time Breakdown: Calc: 0.0168s | Exchange: 0.0013s | Global: 0.0004s | Idle: 0.0010s
(1) Elapsed Wtime:       0.028381 s ( 94.0% CPU)
(0) Time Breakdown: Calc: 0.0169s | Exchange: 0.0007s | Global: 0.0004s | Idle: 0.0015s
Number of iterations : 141
(0) Elapsed Wtime:       0.028114 s ( 93.7% CPU)
(2) Time Breakdown: Calc: 0.0169s | Exchange: 0.0017s | Global: 0.0004s | Idle: 0.0005s
(2) Elapsed Wtime:       0.027860 s ( 95.6% CPU)

WARNING: Could not find rank-0 Time Breakdown line for N=100
----------------------------------------
Case: 2x2, grid 200x200
Case directory: data_ex_4_2/case_2x2_N200
----------------------------------------
Generating GridDist...
Writing file 0 1 2 3 map

Running MPI_Fempois...
(1) Time Breakdown: Calc: 0.1354s | Exchange: 0.0031s | Global: 0.0008s | Idle: 0.0027s
(1) Elapsed Wtime:       0.171369 s ( 98.4% CPU)
(3) Time Breakdown: Calc: 0.1351s | Exchange: 0.0040s | Global: 0.0007s | Idle: 0.0020s
(3) Elapsed Wtime:       0.171780 s ( 98.0% CPU)
(0) Time Breakdown: Calc: 0.1353s | Exchange: 0.0019s | Global: 0.0008s | Idle: 0.0038s
Number of iterations : 274
(0) Elapsed Wtime:       0.181301 s ( 92.6% CPU)
(2) Time Breakdown: Calc: 0.1355s | Exchange: 0.0043s | Global: 0.0008s | Idle: 0.0013s
(2) Elapsed Wtime:       0.181497 s ( 92.8% CPU)

WARNING: Could not find rank-0 Time Breakdown line for N=200
----------------------------------------
Case: 2x2, grid 400x400
Case directory: data_ex_4_2/case_2x2_N400
----------------------------------------
Generating GridDist...
Writing file 0 1 2 3 map

Running MPI_Fempois...
(1) Time Breakdown: Calc: 1.2640s | Exchange: 0.0082s | Global: 0.0022s | Idle: 0.0105s
(1) Elapsed Wtime:       1.399015 s ( 99.1% CPU)
(2) Time Breakdown: Calc: 1.2555s | Exchange: 0.0112s | Global: 0.0018s | Idle: 0.0165s
(2) Elapsed Wtime:       1.398434 s ( 99.2% CPU)
(3) Time Breakdown: Calc: 1.2577s | Exchange: 0.0107s | Global: 0.0018s | Idle: 0.0147s
(3) Elapsed Wtime:       1.398728 s ( 99.1% CPU)
(0) Time Breakdown: Calc: 1.2380s | Exchange: 0.0052s | Global: 0.0020s | Idle: 0.0396s
Number of iterations : 529
(0) Elapsed Wtime:       1.399338 s ( 99.1% CPU)

WARNING: Could not find rank-0 Time Breakdown line for N=400
==================================================
Done.
CSV written to: data_ex_4_2/ex4_2_timebreakdown.csv
==================================================
