(0) (x,y)=(0,0)
ERROR_LOG 100 2.636842e-03
ERROR_LOG 200 1.564042e-03
ERROR_LOG 300 1.234939e-03
ERROR_LOG 400 9.969549e-04
ERROR_LOG 500 8.288792e-04
ERROR_LOG 600 7.093933e-04
ERROR_LOG 700 6.249201e-04
ERROR_LOG 800 5.635221e-04
ERROR_LOG 900 5.149685e-04
ERROR_LOG 1000 4.733258e-04
ERROR_LOG 1100 4.361137e-04
ERROR_LOG 1200 4.023104e-04
ERROR_LOG 1300 3.713952e-04
ERROR_LOG 1400 3.430386e-04
ERROR_LOG 1500 3.169924e-04
ERROR_LOG 1600 2.930449e-04
ERROR_LOG 1700 2.710123e-04
ERROR_LOG 1800 2.507257e-04
ERROR_LOG 1900 2.320324e-04
ERROR_LOG 2000 2.147939e-04
ERROR_LOG 2100 1.988881e-04
ERROR_LOG 2200 1.842000e-04
ERROR_LOG 2300 1.706289e-04
ERROR_LOG 2400 1.580832e-04
ERROR_LOG 2500 1.464784e-04
ERROR_LOG 2600 1.357388e-04
ERROR_LOG 2700 1.257988e-04
ERROR_LOG 2800 1.165940e-04
ERROR_LOG 2900 1.080679e-04
ERROR_LOG 3000 1.001686e-04
(0) Number of iterations : 3003
(0) Elapsed Wtime       7.175975 s ( 99.5% CPU)
(1) (x,y)=(1,0)
(1) Number of iterations : 3003
(1) Elapsed Wtime       7.174430 s ( 99.3% CPU)
(2) (x,y)=(2,0)
(2) Number of iterations : 3003
(2) Elapsed Wtime       7.175536 s ( 99.5% CPU)
(3) (x,y)=(3,0)
(3) Number of iterations : 3003
(3) Elapsed Wtime       7.176728 s ( 99.5% CPU)
